<?xml version="1.0" encoding="UTF-8"?>
<!-- Generated by org.testng.reporters.JUnitReportReporter -->
<testsuite hostname="NAVEEN" failures="0" tests="5" name="com.Runner.GoibiboRunner" time="13.542" errors="0" timestamp="2023-06-01T18:27:06 IST" skipped="0">
  <testcase classname="com.Runner.GoibiboRunner" name="ApplicationLaunch" time="5.346"/>
  <system-out/>
  <testcase classname="com.Runner.GoibiboRunner" name="orgin" time="0.992"/>
  <system-out/>
  <testcase classname="com.Runner.GoibiboRunner" name="adulttab" time="2.295"/>
  <system-out/>
  <testcase classname="com.Runner.GoibiboRunner" name="plusbutton" time="0.669"/>
  <system-out/>
  <testcase classname="com.Runner.GoibiboRunner" name="donebutton" time="4.240"/>
  <system-out/>
</testsuite> <!-- com.Runner.GoibiboRunner -->
