<?xml version="1.0" encoding="UTF-8"?>
<!-- Generated by org.testng.reporters.JUnitReportReporter -->
<testsuite hostname="LAPTOP-5QTLE0E8" failures="0" tests="2" name="com.Runner.GoibiboRunner" time="7.142" errors="0" timestamp="2023-06-01T16:39:46 IST" skipped="0">
  <testcase classname="com.Runner.GoibiboRunner" name="ApplicationLaunch" time="6.120"/>
  <system-out/>
  <testcase classname="com.Runner.GoibiboRunner" name="orgin" time="1.022"/>
  <system-out/>
</testsuite> <!-- com.Runner.GoibiboRunner -->
